<?xml version="1.0" encoding="UTF-8"?>
<testng-results skipped="0" failed="0" total="618" passed="618">
    <reporter-output>
    </reporter-output>
    <suite name="Surefire suite" duration-ms="63494" started-at="2019-02-27T13:49:35Z"
           finished-at="2019-02-27T13:50:39Z">
        <groups>
        </groups>
        <test name="Surefire test" duration-ms="63494" started-at="2019-02-27T13:49:35Z"
              finished-at="2019-02-27T13:50:39Z">
            <class name="ExSavingCallback">
                <test-method status="PASS" signature="setUp()[pri:0, instance:ExSavingCallback@cb644e]" name="setUp"
                             is-config="true" duration-ms="13" started-at="2019-02-27T13:49:50Z"
                             finished-at="2019-02-27T13:49:50Z">
                    <reporter-output>
                    </reporter-output>
                </test-method> <!-- setUp -->
                <test-method status="PASS"
                             signature="checkThatAllMethodsArePresent()[pri:0, instance:ExSavingCallback@cb644e]"
                             name="checkThatAllMethodsArePresent" duration-ms="1" started-at="2019-02-27T13:49:50Z"
                             finished-at="2019-02-27T13:49:50Z">
                    <reporter-output>
                    </reporter-output>
                </test-method> <!-- checkThatAllMethodsArePresent -->
                <test-method status="PASS" signature="tearDown()[pri:0, instance:ExSavingCallback@cb644e]"
                             name="tearDown" is-config="true" duration-ms="2" started-at="2019-02-27T13:49:50Z"
                             finished-at="2019-02-27T13:49:50Z">
                    <reporter-output>
                    </reporter-output>
                </test-method> <!-- tearDown -->
                <test-method status="PASS" signature="setUp()[pri:0, instance:ExSavingCallback@cb644e]" name="setUp"
                             is-config="true" duration-ms="4" started-at="2019-02-27T13:49:50Z"
                             finished-at="2019-02-27T13:49:50Z">
                    <reporter-output>
                    </reporter-output>
                </test-method> <!-- setUp -->
                <test-method status="PASS"
                             signature="pageFileNameSavingCallback()[pri:0, instance:ExSavingCallback@cb644e]"
                             name="pageFileNameSavingCallback" duration-ms="676" started-at="2019-02-27T13:49:50Z"
                             finished-at="2019-02-27T13:49:51Z">
                    <reporter-output>
                    </reporter-output>
                </test-method> <!-- pageFileNameSavingCallback -->
                <test-method status="PASS" signature="tearDown()[pri:0, instance:ExSavingCallback@cb644e]"
                             name="tearDown" is-config="true" duration-ms="74" started-at="2019-02-27T13:49:51Z"
                             finished-at="2019-02-27T13:49:51Z">
                    <reporter-output>
                    </reporter-output>
                </test-method> <!-- tearDown -->
            </class> <!-- ExSavingCallback -->
            <class name="ExNode">
                <test-method status="PASS" signature="setUp()[pri:0, instance:ExNode@5ce81285]" name="setUp"
                             is-config="true" duration-ms="5" started-at="2019-02-27T13:49:45Z"
                             finished-at="2019-02-27T13:49:45Z">
                    <reporter-output>
                    </reporter-output>
                </test-method> <!-- setUp -->
                <test-method status="PASS" signature="UpdateFieldsInRange()[pri:0, instance:ExNode@5ce81285]"
                             name="UpdateFieldsInRange" duration-ms="2" started-at="2019-02-27T13:49:45Z"
                             finished-at="2019-02-27T13:49:45Z">
                    <reporter-output>
                    </reporter-output>
                </test-method> <!-- UpdateFieldsInRange -->
                <test-method status="PASS" signature="tearDown()[pri:0, instance:ExNode@5ce81285]" name="tearDown"
                             is-config="true" duration-ms="3" started-at="2019-02-27T13:49:45Z"
                             finished-at="2019-02-27T13:49:45Z">
                    <reporter-output>
                    </reporter-output>
                </test-method> <!-- tearDown -->
                <test-method status="PASS" signature="setUp()[pri:0, instance:ExNode@5ce81285]" name="setUp"
                             is-config="true" duration-ms="5" started-at="2019-02-27T13:49:45Z"
                             finished-at="2019-02-27T13:49:45Z">
                    <reporter-output>
                    </reporter-output>
                </test-method> <!-- setUp -->
                <test-method status="PASS" signature="cloneCompositeNode()[pri:0, instance:ExNode@5ce81285]"
                             name="cloneCompositeNode" duration-ms="2" started-at="2019-02-27T13:49:45Z"
                             finished-at="2019-02-27T13:49:45Z">
                    <reporter-output>
                    </reporter-output>
                </test-method> <!-- cloneCompositeNode -->
                <test-method status="PASS" signature="tearDown()[pri:0, instance:ExNode@5ce81285]" name="tearDown"
                             is-config="true" duration-ms="3" started-at="2019-02-27T13:49:45Z"
                             finished-at="2019-02-27T13:49:45Z">
                    <reporter-output>
                    </reporter-output>
                </test-method> <!-- tearDown -->
                <test-method status="PASS" signature="setUp()[pri:0, instance:ExNode@5ce81285]" name="setUp"
                             is-config="true" duration-ms="5" started-at="2019-02-27T13:49:45Z"
                             finished-at="2019-02-27T13:49:45Z">
                    <reporter-output>
                    </reporter-output>
                </test-method> <!-- setUp -->
                <test-method status="PASS" signature="compositeNode_SelectNodes()[pri:0, instance:ExNode@5ce81285]"
                             name="compositeNode_SelectNodes" duration-ms="31" started-at="2019-02-27T13:49:45Z"
                             finished-at="2019-02-27T13:49:45Z">
                    <reporter-output>
                    </reporter-output>
                </test-method> <!-- compositeNode_SelectNodes -->
                <test-method status="PASS" signature="tearDown()[pri:0, instance:ExNode@5ce81285]" name="tearDown"
                             is-config="true" duration-ms="3" started-at="2019-02-27T13:49:45Z"
                             finished-at="2019-02-27T13:49:45Z">
                    <reporter-output>
                    </reporter-output>
                </test-method> <!-- tearDown -->
                <test-method status="PASS" signature="setUp()[pri:0, instance:ExNode@5ce81285]" name="setUp"
                             is-config="true" duration-ms="5" started-at="2019-02-27T13:49:45Z"
                             finished-at="2019-02-27T13:49:45Z">
                    <reporter-output>
                    </reporter-output>
                </test-method> <!-- setUp -->
                <test-method status="PASS"
                             signature="convertNodeToHtmlWithDefaultOptions()[pri:0, instance:ExNode@5ce81285]"
                             name="convertNodeToHtmlWithDefaultOptions" duration-ms="48"
                             started-at="2019-02-27T13:49:45Z" finished-at="2019-02-27T13:49:45Z">
                    <reporter-output>
                    </reporter-output>
                </test-method> <!-- convertNodeToHtmlWithDefaultOptions -->
                <test-method status="PASS" signature="tearDown()[pri:0, instance:ExNode@5ce81285]" name="tearDown"
                             is-config="true" duration-ms="2" started-at="2019-02-27T13:49:45Z"
                             finished-at="2019-02-27T13:49:45Z">
                    <reporter-output>
                    </reporter-output>
                </test-method> <!-- tearDown -->
                <test-method status="PASS" signature="setUp()[pri:0, instance:ExNode@5ce81285]" name="setUp"
                             is-config="true" duration-ms="4" started-at="2019-02-27T13:49:45Z"
                             finished-at="2019-02-27T13:49:45Z">
                    <reporter-output>
                    </reporter-output>
                </test-method> <!-- setUp -->
                <test-method status="PASS"
                             signature="convertNodeToHtmlWithSaveOptions()[pri:0, instance:ExNode@5ce81285]"
                             name="convertNodeToHtmlWithSaveOptions" duration-ms="5" started-at="2019-02-27T13:49:45Z"
                             finished-at="2019-02-27T13:49:45Z">
                    <reporter-output>
                    </reporter-output>
                </test-method> <!-- convertNodeToHtmlWithSaveOptions -->
                <test-method status="PASS" signature="tearDown()[pri:0, instance:ExNode@5ce81285]" name="tearDown"
                             is-config="true" duration-ms="2" started-at="2019-02-27T13:49:45Z"
                             finished-at="2019-02-27T13:49:45Z">
                    <reporter-output>
                    </reporter-output>
                </test-method> <!-- tearDown -->
                <test-method status="PASS" signature="setUp()[pri:0, instance:ExNode@5ce81285]" name="setUp"
                             is-config="true" duration-ms="5" started-at="2019-02-27T13:49:45Z"
                             finished-at="2019-02-27T13:49:45Z">
                    <reporter-output>
                    </reporter-output>
                </test-method> <!-- setUp -->
                <test-method status="PASS" signature="createAndAddParagraphNode()[pri:0, instance:ExNode@5ce81285]"
                             name="createAndAddParagraphNode" duration-ms="2" started-at="2019-02-27T13:49:45Z"
                             finished-at="2019-02-27T13:49:45Z">
                    <reporter-output>
                    </reporter-output>
                </test-method> <!-- createAndAddParagraphNode -->
                <test-method status="PASS" signature="tearDown()[pri:0, instance:ExNode@5ce81285]" name="tearDown"
                             is-config="true" duration-ms="2" started-at="2019-02-27T13:49:45Z"
                             finished-at="2019-02-27T13:49:45Z">
                    <reporter-output>
                    </reporter-output>
                </test-method> <!-- tearDown -->
                <test-method status="PASS" signature="setUp()[pri:0, instance:ExNode@5ce81285]" name="setUp"
                             is-config="true" duration-ms="5" started-at="2019-02-27T13:49:45Z"
                             finished-at="2019-02-27T13:49:45Z">
                    <reporter-output>
                    </reporter-output>
                </test-method> <!-- setUp -->
                <test-method status="PASS" signature="enumNextSibling()[pri:0, instance:ExNode@5ce81285]"
                             name="enumNextSibling" duration-ms="1" started-at="2019-02-27T13:49:45Z"
                             finished-at="2019-02-27T13:49:45Z">
                    <reporter-output>
                    </reporter-output>
                </test-method> <!-- enumNextSibling -->
                <test-method status="PASS" signature="tearDown()[pri:0, instance:ExNode@5ce81285]" name="tearDown"
                             is-config="true" duration-ms="3" started-at="2019-02-27T13:49:45Z"
                             finished-at="2019-02-27T13:49:45Z">
                    <reporter-output>
                    </reporter-output>
                </test-method> <!-- tearDown -->
                <test-method status="PASS" signature="setUp()[pri:0, instance:ExNode@5ce81285]" name="setUp"
                             is-config="true" duration-ms="4" started-at="2019-02-27T13:49:45Z"
                             finished-at="2019-02-27T13:49:45Z">
                    <reporter-output>
                    </reporter-output>
                </test-method> <!-- setUp -->
                <test-method status="PASS" signature="enumerateChildNodes()[pri:0, instance:ExNode@5ce81285]"
                             name="enumerateChildNodes" duration-ms="2" started-at="2019-02-27T13:49:45Z"
                             finished-at="2019-02-27T13:49:45Z">
                    <reporter-output>
                    </reporter-output>
                </test-method> <!-- enumerateChildNodes -->
                <test-method status="PASS" signature="tearDown()[pri:0, instance:ExNode@5ce81285]" name="tearDown"
                             is-config="true" duration-ms="2" started-at="2019-02-27T13:49:45Z"
                             finished-at="2019-02-27T13:49:45Z">
                    <reporter-output>
                    </reporter-output>
                </test-method> <!-- tearDown -->
                <test-method status="PASS" signature="setUp()[pri:0, instance:ExNode@5ce81285]" name="setUp"
                             is-config="true" duration-ms="5" started-at="2019-02-27T13:49:45Z"
                             finished-at="2019-02-27T13:49:45Z">
                    <reporter-output>
                    </reporter-output>
                </test-method> <!-- setUp -->
                <test-method status="PASS"
                             signature="enumerationHotRemoveLimitations()[pri:0, instance:ExNode@5ce81285]"
                             name="enumerationHotRemoveLimitations" duration-ms="1" started-at="2019-02-27T13:49:45Z"
                             finished-at="2019-02-27T13:49:45Z">
                    <reporter-output>
                    </reporter-output>
                </test-method> <!-- enumerationHotRemoveLimitations -->
                <test-method status="PASS" signature="tearDown()[pri:0, instance:ExNode@5ce81285]" name="tearDown"
                             is-config="true" duration-ms="3" started-at="2019-02-27T13:49:45Z"
                             finished-at="2019-02-27T13:49:45Z">
                    <reporter-output>
                    </reporter-output>
                </test-method> <!-- tearDown -->
                <test-method status="PASS" signature="setUp()[pri:0, instance:ExNode@5ce81285]" name="setUp"
                             is-config="true" duration-ms="6" started-at="2019-02-27T13:49:45Z"
                             finished-at="2019-02-27T13:49:45Z">
                    <reporter-output>
                    </reporter-output>
                </test-method> <!-- setUp -->
                <test-method status="PASS" signature="getIndexOfNode()[pri:0, instance:ExNode@5ce81285]"
                             name="getIndexOfNode" duration-ms="19" started-at="2019-02-27T13:49:45Z"
                             finished-at="2019-02-27T13:49:45Z">
                    <reporter-output>
                    </reporter-output>
                </test-method> <!-- getIndexOfNode -->
                <test-method status="PASS" signature="tearDown()[pri:0, instance:ExNode@5ce81285]" name="tearDown"
                             is-config="true" duration-ms="4" started-at="2019-02-27T13:49:45Z"
                             finished-at="2019-02-27T13:49:45Z">
                    <reporter-output>
                    </reporter-output>
                </test-method> <!-- tearDown -->
                <test-method status="PASS" signature="setUp()[pri:0, instance:ExNode@5ce81285]" name="setUp"
                             is-config="true" duration-ms="5" started-at="2019-02-27T13:49:45Z"
                             finished-at="2019-02-27T13:49:45Z">
                    <reporter-output>
                    </reporter-output>
                </test-method> <!-- setUp -->
                <test-method status="PASS" signature="getNodeTypeEnums()[pri:0, instance:ExNode@5ce81285]"
                             name="getNodeTypeEnums" duration-ms="6" started-at="2019-02-27T13:49:45Z"
                             finished-at="2019-02-27T13:49:45Z">
                    <reporter-output>
                    </reporter-output>
                </test-method> <!-- getNodeTypeEnums -->
                <test-method status="PASS" signature="tearDown()[pri:0, instance:ExNode@5ce81285]" name="tearDown"
                             is-config="true" duration-ms="2" started-at="2019-02-27T13:49:45Z"
                             finished-at="2019-02-27T13:49:45Z">
                    <reporter-output>
                    </reporter-output>
                </test-method> <!-- tearDown -->
                <test-method status="PASS" signature="setUp()[pri:0, instance:ExNode@5ce81285]" name="setUp"
                             is-config="true" duration-ms="5" started-at="2019-02-27T13:49:45Z"
                             finished-at="2019-02-27T13:49:45Z">
                    <reporter-output>
                    </reporter-output>
                </test-method> <!-- setUp -->
                <test-method status="PASS" signature="getParentNode()[pri:0, instance:ExNode@5ce81285]"
                             name="getParentNode" duration-ms="2" started-at="2019-02-27T13:49:45Z"
                             finished-at="2019-02-27T13:49:45Z">
                    <reporter-output>
                    </reporter-output>
                </test-method> <!-- getParentNode -->
                <test-method status="PASS" signature="tearDown()[pri:0, instance:ExNode@5ce81285]" name="tearDown"
                             is-config="true" duration-ms="2" started-at="2019-02-27T13:49:45Z"
                             finished-at="2019-02-27T13:49:45Z">
                    <reporter-output>
                    </reporter-output>
                </test-method> <!-- tearDown -->
                <test-method status="PASS" signature="setUp()[pri:0, instance:ExNode@5ce81285]" name="setUp"
                             is-config="true" duration-ms="5" started-at="2019-02-27T13:49:45Z"
                             finished-at="2019-02-27T13:49:45Z">
                    <reporter-output>
                    </reporter-output>
                </test-method> <!-- setUp -->
                <test-method status="PASS" signature="indexChildNodes()[pri:0, instance:ExNode@5ce81285]"
                             name="indexChildNodes" duration-ms="1" started-at="2019-02-27T13:49:45Z"
                             finished-at="2019-02-27T13:49:45Z">
                    <reporter-output>
                    </reporter-output>
                </test-method> <!-- indexChildNodes -->
                <test-method status="PASS" signature="tearDown()[pri:0, instance:ExNode@5ce81285]" name="tearDown"
                             is-config="true" duration-ms="3" started-at="2019-02-27T13:49:45Z"
                             finished-at="2019-02-27T13:49:45Z">
                    <reporter-output>
                    </reporter-output>
                </test-method> <!-- tearDown -->
                <test-method status="PASS" signature="setUp()[pri:0, instance:ExNode@5ce81285]" name="setUp"
                             is-config="true" duration-ms="5" started-at="2019-02-27T13:49:45Z"
                             finished-at="2019-02-27T13:49:45Z">
                    <reporter-output>
                    </reporter-output>
                </test-method> <!-- setUp -->
                <test-method status="PASS" signature="nodeEnumerationHotRemove()[pri:0, instance:ExNode@5ce81285]"
                             name="nodeEnumerationHotRemove" duration-ms="1" started-at="2019-02-27T13:49:45Z"
                             finished-at="2019-02-27T13:49:45Z">
                    <reporter-output>
                    </reporter-output>
                </test-method> <!-- nodeEnumerationHotRemove -->
                <test-method status="PASS" signature="tearDown()[pri:0, instance:ExNode@5ce81285]" name="tearDown"
                             is-config="true" duration-ms="3" started-at="2019-02-27T13:49:45Z"
                             finished-at="2019-02-27T13:49:45Z">
                    <reporter-output>
                    </reporter-output>
                </test-method> <!-- tearDown -->
                <test-method status="PASS" signature="setUp()[pri:0, instance:ExNode@5ce81285]" name="setUp"
                             is-config="true" duration-ms="3" started-at="2019-02-27T13:49:45Z"
                             finished-at="2019-02-27T13:49:45Z">
                    <reporter-output>
                    </reporter-output>
                </test-method> <!-- setUp -->
                <test-method status="PASS" signature="ownerDocument()[pri:0, instance:ExNode@5ce81285]"
                             name="ownerDocument" duration-ms="2" started-at="2019-02-27T13:49:45Z"
                             finished-at="2019-02-27T13:49:45Z">
                    <reporter-output>
                    </reporter-output>
                </test-method> <!-- ownerDocument -->
                <test-method status="PASS" signature="tearDown()[pri:0, instance:ExNode@5ce81285]" name="tearDown"
                             is-config="true" duration-ms="2" started-at="2019-02-27T13:49:45Z"
                             finished-at="2019-02-27T13:49:45Z">
                    <reporter-output>
                    </reporter-output>
                </test-method> <!-- tearDown -->
                <test-method status="PASS" signature="setUp()[pri:0, instance:ExNode@5ce81285]" name="setUp"
                             is-config="true" duration-ms="4" started-at="2019-02-27T13:49:45Z"
                             finished-at="2019-02-27T13:49:45Z">
                    <reporter-output>
                    </reporter-output>
                </test-method> <!-- setUp -->
                <test-method status="PASS" signature="recurseAllNodesCaller()[pri:0, instance:ExNode@5ce81285]"
                             name="recurseAllNodesCaller" duration-ms="3" started-at="2019-02-27T13:49:45Z"
                             finished-at="2019-02-27T13:49:45Z">
                    <reporter-output>
                    </reporter-output>
                </test-method> <!-- recurseAllNodesCaller -->
                <test-method status="PASS" signature="tearDown()[pri:0, instance:ExNode@5ce81285]" name="tearDown"
                             is-config="true" duration-ms="2" started-at="2019-02-27T13:49:45Z"
                             finished-at="2019-02-27T13:49:45Z">
                    <reporter-output>
                    </reporter-output>
                </test-method> <!-- tearDown -->
                <test-method status="PASS" signature="setUp()[pri:0, instance:ExNode@5ce81285]" name="setUp"
                             is-config="true" duration-ms="5" started-at="2019-02-27T13:49:45Z"
                             finished-at="2019-02-27T13:49:45Z">
                    <reporter-output>
                    </reporter-output>
                </test-method> <!-- setUp -->
                <test-method status="PASS" signature="removeChild()[pri:0, instance:ExNode@5ce81285]" name="removeChild"
                             duration-ms="2" started-at="2019-02-27T13:49:45Z" finished-at="2019-02-27T13:49:45Z">
                    <reporter-output>
                    </reporter-output>
                </test-method> <!-- removeChild -->
                <test-method status="PASS" signature="tearDown()[pri:0, instance:ExNode@5ce81285]" name="tearDown"
                             is-config="true" duration-ms="2" started-at="2019-02-27T13:49:45Z"
                             finished-at="2019-02-27T13:49:45Z">
                    <reporter-output>
                    </reporter-output>
                </test-method> <!-- tearDown -->
                <test-method status="PASS" signature="setUp()[pri:0, instance:ExNode@5ce81285]" name="setUp"
                             is-config="true" duration-ms="4" started-at="2019-02-27T13:49:45Z"
                             finished-at="2019-02-27T13:49:45Z">
                    <reporter-output>
                    </reporter-output>
                </test-method> <!-- setUp -->
                <test-method status="PASS" signature="removeNodes()[pri:0, instance:ExNode@5ce81285]" name="removeNodes"
                             duration-ms="2" started-at="2019-02-27T13:49:45Z" finished-at="2019-02-27T13:49:45Z">
                    <reporter-output>
                    </reporter-output>
                </test-method> <!-- removeNodes -->
                <test-method status="PASS" signature="tearDown()[pri:0, instance:ExNode@5ce81285]" name="tearDown"
                             is-config="true" duration-ms="2" started-at="2019-02-27T13:49:45Z"
                             finished-at="2019-02-27T13:49:45Z">
                    <reporter-output>
                    </reporter-output>
                </test-method> <!-- tearDown -->
                <test-method status="PASS" signature="setUp()[pri:0, instance:ExNode@5ce81285]" name="setUp"
                             is-config="true" duration-ms="5" started-at="2019-02-27T13:49:45Z"
                             finished-at="2019-02-27T13:49:45Z">
                    <reporter-output>
                    </reporter-output>
                </test-method> <!-- setUp -->
                <test-method status="PASS"
                             signature="removeSmartTagsFromCompositeNode()[pri:0, instance:ExNode@5ce81285]"
                             name="removeSmartTagsFromCompositeNode" duration-ms="3" started-at="2019-02-27T13:49:45Z"
                             finished-at="2019-02-27T13:49:45Z">
                    <reporter-output>
                    </reporter-output>
                </test-method> <!-- removeSmartTagsFromCompositeNode -->
                <test-method status="PASS" signature="tearDown()[pri:0, instance:ExNode@5ce81285]" name="tearDown"
                             is-config="true" duration-ms="2" started-at="2019-02-27T13:49:45Z"
                             finished-at="2019-02-27T13:49:45Z">
                    <reporter-output>
                    </reporter-output>
                </test-method> <!-- tearDown -->
                <test-method status="PASS" signature="setUp()[pri:0, instance:ExNode@5ce81285]" name="setUp"
                             is-config="true" duration-ms="4" started-at="2019-02-27T13:49:45Z"
                             finished-at="2019-02-27T13:49:45Z">
                    <reporter-output>
                    </reporter-output>
                </test-method> <!-- setUp -->
                <test-method status="PASS" signature="testNodeIsInsideField()[pri:0, instance:ExNode@5ce81285]"
                             name="testNodeIsInsideField" duration-ms="18" started-at="2019-02-27T13:49:45Z"
                             finished-at="2019-02-27T13:49:45Z">
                    <reporter-output>
                    </reporter-output>
                </test-method> <!-- testNodeIsInsideField -->
                <test-method status="PASS" signature="tearDown()[pri:0, instance:ExNode@5ce81285]" name="tearDown"
                             is-config="true" duration-ms="7" started-at="2019-02-27T13:49:45Z"
                             finished-at="2019-02-27T13:49:45Z">
                    <reporter-output>
                    </reporter-output>
                </test-method> <!-- tearDown -->
                <test-method status="PASS" signature="setUp()[pri:0, instance:ExNode@5ce81285]" name="setUp"
                             is-config="true" duration-ms="5" started-at="2019-02-27T13:49:45Z"
                             finished-at="2019-02-27T13:49:45Z">
                    <reporter-output>
                    </reporter-output>
                </test-method> <!-- setUp -->
                <test-method status="PASS" signature="typedAccess()[pri:0, instance:ExNode@5ce81285]" name="typedAccess"
                             duration-ms="2" started-at="2019-02-27T13:49:45Z" finished-at="2019-02-27T13:49:45Z">
                    <reporter-output>
                    </reporter-output>
                </test-method> <!-- typedAccess -->
                <test-method status="PASS" signature="tearDown()[pri:0, instance:ExNode@5ce81285]" name="tearDown"
                             is-config="true" duration-ms="4" started-at="2019-02-27T13:49:45Z"
                             finished-at="2019-02-27T13:49:45Z">
                    <reporter-output>
                    </reporter-output>
                </test-method> <!-- tearDown -->
                <test-method status="PASS" signature="setUp()[pri:0, instance:ExNode@5ce81285]" name="setUp"
                             is-config="true" duration-ms="8" started-at="2019-02-27T13:49:45Z"
                             finished-at="2019-02-27T13:49:45Z">
                    <reporter-output>
                    </reporter-output>
                </test-method> <!-- setUp -->
                <test-method status="PASS" signature="typedNodeCollectionToArray()[pri:0, instance:ExNode@5ce81285]"
                             name="typedNodeCollectionToArray" duration-ms="2" started-at="2019-02-27T13:49:45Z"
                             finished-at="2019-02-27T13:49:45Z">
                    <reporter-output>
                    </reporter-output>
                </test-method> <!-- typedNodeCollectionToArray -->
                <test-method status="PASS" signature="tearDown()[pri:0, instance:ExNode@5ce81285]" name="tearDown"
                             is-config="true" duration-ms="3" started-at="2019-02-27T13:49:45Z"
                             finished-at="2019-02-27T13:49:45Z">
                    <reporter-output>
                    </reporter-output>
                </test-method> <!-- tearDown -->
                <test-method status="PASS" signature="setUp()[pri:0, instance:ExNode@5ce81285]" name="setUp"
                             is-config="true" duration-ms="4" started-at="2019-02-27T13:49:45Z"
                             finished-at="2019-02-27T13:49:45Z">
                    <reporter-output>
                    </reporter-output>
                </test-method> <!-- setUp -->
                <test-method status="PASS" signature="useNodeType()[pri:0, instance:ExNode@5ce81285]" name="useNodeType"
                             duration-ms="2" started-at="2019-02-27T13:49:45Z" finished-at="2019-02-27T13:49:45Z">
                    <reporter-output>
                    </reporter-output>
                </test-method> <!-- useNodeType -->
                <test-method status="PASS" signature="tearDown()[pri:0, instance:ExNode@5ce81285]" name="tearDown"
                             is-config="true" duration-ms="3" started-at="2019-02-27T13:49:45Z"
                             finished-at="2019-02-27T13:49:45Z">
                    <reporter-output>
                    </reporter-output>
                </test-method> <!-- tearDown -->
            </class> <!-- ExNode -->
            <class name="ExInsertDocument">
                <test-method status="PASS" signature="setUp()[pri:0, instance:ExInsertDocument@6e1ec318]" name="setUp"
                             is-config="true" duration-ms="4" started-at="2019-02-27T13:50:38Z"
                             finished-at="2019-02-27T13:50:38Z">
                    <reporter-output>
                    </reporter-output>
                </test-method> <!-- setUp -->
                <test-method status="PASS"
                             signature="insertDocumentAtBookmark()[pri:0, instance:ExInsertDocument@6e1ec318]"
                             name="insertDocumentAtBookmark" duration-ms="39" started-at="2019-02-27T13:50:38Z"
                             finished-at="2019-02-27T13:50:38Z">
                    <reporter-output>
                    </reporter-output>
                </test-method> <!-- insertDocumentAtBookmark -->
                <test-method status="PASS" signature="tearDown()[pri:0, instance:ExInsertDocument@6e1ec318]"
                             name="tearDown" is-config="true" duration-ms="6" started-at="2019-02-27T13:50:38Z"
                             finished-at="2019-02-27T13:50:38Z">
                    <reporter-output>
                    </reporter-output>
                </test-method> <!-- tearDown -->
                <test-method status="PASS" signature="setUp()[pri:0, instance:ExInsertDocument@6e1ec318]" name="setUp"
                             is-config="true" duration-ms="3" started-at="2019-02-27T13:50:38Z"
                             finished-at="2019-02-27T13:50:38Z">
                    <reporter-output>
                    </reporter-output>
                </test-method> <!-- setUp -->
                <test-method status="PASS"
                             signature="insertDocumentAtMailMergeCaller()[pri:0, instance:ExInsertDocument@6e1ec318]"
                             name="insertDocumentAtMailMergeCaller" duration-ms="29" started-at="2019-02-27T13:50:38Z"
                             finished-at="2019-02-27T13:50:38Z">
                    <reporter-output>
                    </reporter-output>
                </test-method> <!-- insertDocumentAtMailMergeCaller -->
                <test-method status="PASS" signature="tearDown()[pri:0, instance:ExInsertDocument@6e1ec318]"
                             name="tearDown" is-config="true" duration-ms="5" started-at="2019-02-27T13:50:38Z"
                             finished-at="2019-02-27T13:50:38Z">
                    <reporter-output>
                    </reporter-output>
                </test-method> <!-- tearDown -->
                <test-method status="PASS" signature="setUp()[pri:0, instance:ExInsertDocument@6e1ec318]" name="setUp"
                             is-config="true" duration-ms="6" started-at="2019-02-27T13:50:38Z"
                             finished-at="2019-02-27T13:50:38Z">
                    <reporter-output>
                    </reporter-output>
                </test-method> <!-- setUp -->
                <test-method status="PASS"
                             signature="insertDocumentAtReplaceCaller()[pri:0, instance:ExInsertDocument@6e1ec318]"
                             name="insertDocumentAtReplaceCaller" duration-ms="37" started-at="2019-02-27T13:50:38Z"
                             finished-at="2019-02-27T13:50:38Z">
                    <reporter-output>
                    </reporter-output>
                </test-method> <!-- insertDocumentAtReplaceCaller -->
                <test-method status="PASS" signature="tearDown()[pri:0, instance:ExInsertDocument@6e1ec318]"
                             name="tearDown" is-config="true" duration-ms="5" started-at="2019-02-27T13:50:38Z"
                             finished-at="2019-02-27T13:50:38Z">
                    <reporter-output>
                    </reporter-output>
                </test-method> <!-- tearDown -->
            </class> <!-- ExInsertDocument -->
            <class name="ExNestedMailMergeCustom">
                <test-method status="PASS" signature="setUp()[pri:0, instance:ExNestedMailMergeCustom@1e127982]"
                             name="setUp" is-config="true" duration-ms="2" started-at="2019-02-27T13:50:38Z"
                             finished-at="2019-02-27T13:50:38Z">
                    <reporter-output>
                    </reporter-output>
                </test-method> <!-- setUp -->
                <test-method status="PASS"
                             signature="MailMergeCustomDataSource()[pri:0, instance:ExNestedMailMergeCustom@1e127982]"
                             name="MailMergeCustomDataSource" duration-ms="36" started-at="2019-02-27T13:50:38Z"
                             finished-at="2019-02-27T13:50:39Z">
                    <reporter-output>
                    </reporter-output>
                </test-method> <!-- MailMergeCustomDataSource -->
                <test-method status="PASS" signature="tearDown()[pri:0, instance:ExNestedMailMergeCustom@1e127982]"
                             name="tearDown" is-config="true" duration-ms="5" started-at="2019-02-27T13:50:39Z"
                             finished-at="2019-02-27T13:50:39Z">
                    <reporter-output>
                    </reporter-output>
                </test-method> <!-- tearDown -->
            </class> <!-- ExNestedMailMergeCustom -->
            <class name="ExDocumentBuilder">
                <test-method status="PASS" signature="setUp()[pri:0, instance:ExDocumentBuilder@4566e5bd]" name="setUp"
                             is-config="true" duration-ms="418" started-at="2019-02-27T13:49:35Z"
                             finished-at="2019-02-27T13:49:36Z">
                    <reporter-output>
                    </reporter-output>
                </test-method> <!-- setUp -->
                <test-method status="PASS" signature="InsertImageFromUrl()[pri:0, instance:ExDocumentBuilder@4566e5bd]"
                             name="InsertImageFromUrl" duration-ms="2724" started-at="2019-02-27T13:49:36Z"
                             finished-at="2019-02-27T13:49:38Z">
                    <reporter-output>
                    </reporter-output>
                </test-method> <!-- InsertImageFromUrl -->
                <test-method status="PASS" signature="tearDown()[pri:0, instance:ExDocumentBuilder@4566e5bd]"
                             name="tearDown" is-config="true" duration-ms="6" started-at="2019-02-27T13:49:38Z"
                             finished-at="2019-02-27T13:49:38Z">
                    <reporter-output>
                    </reporter-output>
                </test-method> <!-- tearDown -->
                <test-method status="PASS" signature="setUp()[pri:0, instance:ExDocumentBuilder@4566e5bd]" name="setUp"
                             is-config="true" duration-ms="9" started-at="2019-02-27T13:49:38Z"
                             finished-at="2019-02-27T13:49:38Z">
                    <reporter-output>
                    </reporter-output>
                </test-method> <!-- setUp -->
                <test-method status="PASS"
                             signature="SetPreferredTypeConvertUtil()[pri:0, instance:ExDocumentBuilder@4566e5bd]"
                             name="SetPreferredTypeConvertUtil" duration-ms="5" started-at="2019-02-27T13:49:38Z"
                             finished-at="2019-02-27T13:49:38Z">
                    <reporter-output>
                    </reporter-output>
                </test-method> <!-- SetPreferredTypeConvertUtil -->
                <test-method status="PASS" signature="tearDown()[pri:0, instance:ExDocumentBuilder@4566e5bd]"
                             name="tearDown" is-config="true" duration-ms="3" started-at="2019-02-27T13:49:38Z"
                             finished-at="2019-02-27T13:49:38Z">
                    <reporter-output>
                    </reporter-output>
                </test-method> <!-- tearDown -->
                <test-method status="PASS" signature="setUp()[pri:0, instance:ExDocumentBuilder@4566e5bd]" name="setUp"
                             is-config="true" duration-ms="6" started-at="2019-02-27T13:49:38Z"
                             finished-at="2019-02-27T13:49:38Z">
                    <reporter-output>
                    </reporter-output>
                </test-method> <!-- setUp -->
                <test-method status="PASS" signature="buildFormattedTable()[pri:0, instance:ExDocumentBuilder@4566e5bd]"
                             name="buildFormattedTable" duration-ms="113" started-at="2019-02-27T13:49:38Z"
                             finished-at="2019-02-27T13:49:38Z">
                    <reporter-output>
                    </reporter-output>
                </test-method> <!-- buildFormattedTable -->
                <test-method status="PASS" signature="tearDown()[pri:0, instance:ExDocumentBuilder@4566e5bd]"
                             name="tearDown" is-config="true" duration-ms="7" started-at="2019-02-27T13:49:38Z"
                             finished-at="2019-02-27T13:49:38Z">
                    <reporter-output>
                    </reporter-output>
                </test-method> <!-- tearDown -->
                <test-method status="PASS" signature="setUp()[pri:0, instance:ExDocumentBuilder@4566e5bd]" name="setUp"
                             is-config="true" duration-ms="6" started-at="2019-02-27T13:49:38Z"
                             finished-at="2019-02-27T13:49:38Z">
                    <reporter-output>
                    </reporter-output>
                </test-method> <!-- setUp -->
                <test-method status="PASS"
                             signature="buildNestedTableUsingDocumentBuilder()[pri:0, instance:ExDocumentBuilder@4566e5bd]"
                             name="buildNestedTableUsingDocumentBuilder" duration-ms="140"
                             started-at="2019-02-27T13:49:38Z" finished-at="2019-02-27T13:49:39Z">
                    <reporter-output>
                    </reporter-output>
                </test-method> <!-- buildNestedTableUsingDocumentBuilder -->
                <test-method status="PASS" signature="tearDown()[pri:0, instance:ExDocumentBuilder@4566e5bd]"
                             name="tearDown" is-config="true" duration-ms="5" started-at="2019-02-27T13:49:39Z"
                             finished-at="2019-02-27T13:49:39Z">
                    <reporter-output>
                    </reporter-output>
                </test-method> <!-- tearDown -->
                <test-method status="PASS" signature="setUp()[pri:0, instance:ExDocumentBuilder@4566e5bd]" name="setUp"
                             is-config="true" duration-ms="5" started-at="2019-02-27T13:49:39Z"
                             finished-at="2019-02-27T13:49:39Z">
                    <reporter-output>
                    </reporter-output>
                </test-method> <!-- setUp -->
                <test-method status="PASS" signature="buildSimpleTable()[pri:0, instance:ExDocumentBuilder@4566e5bd]"
                             name="buildSimpleTable" duration-ms="52" started-at="2019-02-27T13:49:39Z"
                             finished-at="2019-02-27T13:49:39Z">
                    <reporter-output>
                    </reporter-output>
                </test-method> <!-- buildSimpleTable -->
                <test-method status="PASS" signature="tearDown()[pri:0, instance:ExDocumentBuilder@4566e5bd]"
                             name="tearDown" is-config="true" duration-ms="5" started-at="2019-02-27T13:49:39Z"
                             finished-at="2019-02-27T13:49:39Z">
                    <reporter-output>
                    </reporter-output>
                </test-method> <!-- tearDown -->
                <test-method status="PASS" signature="setUp()[pri:0, instance:ExDocumentBuilder@4566e5bd]" name="setUp"
                             is-config="true" duration-ms="6" started-at="2019-02-27T13:49:39Z"
                             finished-at="2019-02-27T13:49:39Z">
                    <reporter-output>
                    </reporter-output>
                </test-method> <!-- setUp -->
                <test-method status="PASS"
                             signature="createAndSignSignatureLineUsingSpecialIds()[pri:0, instance:ExDocumentBuilder@4566e5bd]"
                             name="createAndSignSignatureLineUsingSpecialIds" duration-ms="301"
                             started-at="2019-02-27T13:49:39Z" finished-at="2019-02-27T13:49:39Z">
                    <reporter-output>
                    </reporter-output>
                </test-method> <!-- createAndSignSignatureLineUsingSpecialIds -->
                <test-method status="PASS" signature="tearDown()[pri:0, instance:ExDocumentBuilder@4566e5bd]"
                             name="tearDown" is-config="true" duration-ms="7" started-at="2019-02-27T13:49:39Z"
                             finished-at="2019-02-27T13:49:39Z">
                    <reporter-output>
                    </reporter-output>
                </test-method> <!-- tearDown -->
                <test-method status="PASS" signature="setUp()[pri:0, instance:ExDocumentBuilder@4566e5bd]" name="setUp"
                             is-config="true" duration-ms="6" started-at="2019-02-27T13:49:39Z"
                             finished-at="2019-02-27T13:49:39Z">
                    <reporter-output>
                    </reporter-output>
                </test-method> <!-- setUp -->
                <test-method status="PASS" signature="createForm()[pri:0, instance:ExDocumentBuilder@4566e5bd]"
                             name="createForm" duration-ms="322" started-at="2019-02-27T13:49:39Z"
                             finished-at="2019-02-27T13:49:39Z">
                    <reporter-output>
                    </reporter-output>
                </test-method> <!-- createForm -->
                <test-method status="PASS" signature="tearDown()[pri:0, instance:ExDocumentBuilder@4566e5bd]"
                             name="tearDown" is-config="true" duration-ms="5" started-at="2019-02-27T13:49:39Z"
                             finished-at="2019-02-27T13:49:39Z">
                    <reporter-output>
                    </reporter-output>
                </test-method> <!-- tearDown -->
                <test-method status="PASS" signature="setUp()[pri:0, instance:ExDocumentBuilder@4566e5bd]" name="setUp"
                             is-config="true" duration-ms="6" started-at="2019-02-27T13:49:39Z"
                             finished-at="2019-02-27T13:49:39Z">
                    <reporter-output>
                    </reporter-output>
                </test-method> <!-- setUp -->
                <test-method status="PASS" signature="deleteRow()[pri:0, instance:ExDocumentBuilder@4566e5bd]"
                             name="deleteRow" duration-ms="15" started-at="2019-02-27T13:49:39Z"
                             finished-at="2019-02-27T13:49:39Z">
                    <reporter-output>
                    </reporter-output>
                </test-method> <!-- deleteRow -->
                <test-method status="PASS" signature="tearDown()[pri:0, instance:ExDocumentBuilder@4566e5bd]"
                             name="tearDown" is-config="true" duration-ms="3" started-at="2019-02-27T13:49:39Z"
                             finished-at="2019-02-27T13:49:39Z">
                    <reporter-output>
                    </reporter-output>
                </test-method> <!-- tearDown -->
                <test-method status="PASS" signature="setUp()[pri:0, instance:ExDocumentBuilder@4566e5bd]" name="setUp"
                             is-config="true" duration-ms="6" started-at="2019-02-27T13:49:39Z"
                             finished-at="2019-02-27T13:49:39Z">
                    <reporter-output>
                    </reporter-output>
                </test-method> <!-- setUp -->
                <test-method status="PASS"
                             signature="documentBuilderAndSave()[pri:0, instance:ExDocumentBuilder@4566e5bd]"
                             name="documentBuilderAndSave" duration-ms="13" started-at="2019-02-27T13:49:39Z"
                             finished-at="2019-02-27T13:49:39Z">
                    <reporter-output>
                    </reporter-output>
                </test-method> <!-- documentBuilderAndSave -->
                <test-method status="PASS" signature="tearDown()[pri:0, instance:ExDocumentBuilder@4566e5bd]"
                             name="tearDown" is-config="true" duration-ms="5" started-at="2019-02-27T13:49:39Z"
                             finished-at="2019-02-27T13:49:39Z">
                    <reporter-output>
                    </reporter-output>
                </test-method> <!-- tearDown -->
                <test-method status="PASS" signature="setUp()[pri:0, instance:ExDocumentBuilder@4566e5bd]" name="setUp"
                             is-config="true" duration-ms="6" started-at="2019-02-27T13:49:39Z"
                             finished-at="2019-02-27T13:49:39Z">
                    <reporter-output>
                    </reporter-output>
                </test-method> <!-- setUp -->
                <test-method status="PASS"
                             signature="documentBuilderApplyBordersAndShading()[pri:0, instance:ExDocumentBuilder@4566e5bd]"
                             name="documentBuilderApplyBordersAndShading" duration-ms="3"
                             started-at="2019-02-27T13:49:39Z" finished-at="2019-02-27T13:49:39Z">
                    <reporter-output>
                    </reporter-output>
                </test-method> <!-- documentBuilderApplyBordersAndShading -->
                <test-method status="PASS" signature="tearDown()[pri:0, instance:ExDocumentBuilder@4566e5bd]"
                             name="tearDown" is-config="true" duration-ms="3" started-at="2019-02-27T13:49:39Z"
                             finished-at="2019-02-27T13:49:39Z">
                    <reporter-output>
                    </reporter-output>
                </test-method> <!-- tearDown -->
                <test-method status="PASS" signature="setUp()[pri:0, instance:ExDocumentBuilder@4566e5bd]" name="setUp"
                             is-config="true" duration-ms="5" started-at="2019-02-27T13:49:39Z"
                             finished-at="2019-02-27T13:49:39Z">
                    <reporter-output>
                    </reporter-output>
                </test-method> <!-- setUp -->
                <test-method status="PASS"
                             signature="documentBuilderApplyParagraphStyle()[pri:0, instance:ExDocumentBuilder@4566e5bd]"
                             name="documentBuilderApplyParagraphStyle" duration-ms="210"
                             started-at="2019-02-27T13:49:39Z" finished-at="2019-02-27T13:49:40Z">
                    <reporter-output>
                    </reporter-output>
                </test-method> <!-- documentBuilderApplyParagraphStyle -->
                <test-method status="PASS" signature="tearDown()[pri:0, instance:ExDocumentBuilder@4566e5bd]"
                             name="tearDown" is-config="true" duration-ms="2" started-at="2019-02-27T13:49:40Z"
                             finished-at="2019-02-27T13:49:40Z">
                    <reporter-output>
                    </reporter-output>
                </test-method> <!-- tearDown -->
                <test-method status="PASS" signature="setUp()[pri:0, instance:ExDocumentBuilder@4566e5bd]" name="setUp"
                             is-config="true" duration-ms="6" started-at="2019-02-27T13:49:40Z"
                             finished-at="2019-02-27T13:49:40Z">
                    <reporter-output>
                    </reporter-output>
                </test-method> <!-- setUp -->
                <test-method status="PASS"
                             signature="documentBuilderBuildTable()[pri:0, instance:ExDocumentBuilder@4566e5bd]"
                             name="documentBuilderBuildTable" duration-ms="2" started-at="2019-02-27T13:49:40Z"
                             finished-at="2019-02-27T13:49:40Z">
                    <reporter-output>
                    </reporter-output>
                </test-method> <!-- documentBuilderBuildTable -->
                <test-method status="PASS" signature="tearDown()[pri:0, instance:ExDocumentBuilder@4566e5bd]"
                             name="tearDown" is-config="true" duration-ms="3" started-at="2019-02-27T13:49:40Z"
                             finished-at="2019-02-27T13:49:40Z">
                    <reporter-output>
                    </reporter-output>
                </test-method> <!-- tearDown -->
                <test-method status="PASS" signature="setUp()[pri:0, instance:ExDocumentBuilder@4566e5bd]" name="setUp"
                             is-config="true" duration-ms="5" started-at="2019-02-27T13:49:40Z"
                             finished-at="2019-02-27T13:49:40Z">
                    <reporter-output>
                    </reporter-output>
                </test-method> <!-- setUp -->
                <test-method status="PASS" signature="documentBuilderCtor()[pri:0, instance:ExDocumentBuilder@4566e5bd]"
                             name="documentBuilderCtor" duration-ms="2" started-at="2019-02-27T13:49:40Z"
                             finished-at="2019-02-27T13:49:40Z">
                    <reporter-output>
                    </reporter-output>
                </test-method> <!-- documentBuilderCtor -->
                <test-method status="PASS" signature="tearDown()[pri:0, instance:ExDocumentBuilder@4566e5bd]"
                             name="tearDown" is-config="true" duration-ms="2" started-at="2019-02-27T13:49:40Z"
                             finished-at="2019-02-27T13:49:40Z">
                    <reporter-output>
                    </reporter-output>
                </test-method> <!-- tearDown -->
                <test-method status="PASS" signature="setUp()[pri:0, instance:ExDocumentBuilder@4566e5bd]" name="setUp"
                             is-config="true" duration-ms="6" started-at="2019-02-27T13:49:40Z"
                             finished-at="2019-02-27T13:49:40Z">
                    <reporter-output>
                    </reporter-output>
                </test-method> <!-- setUp -->
                <test-method status="PASS"
                             signature="documentBuilderCursorPosition()[pri:0, instance:ExDocumentBuilder@4566e5bd]"
                             name="documentBuilderCursorPosition" duration-ms="11" started-at="2019-02-27T13:49:40Z"
                             finished-at="2019-02-27T13:49:40Z">
                    <reporter-output>
                    </reporter-output>
                </test-method> <!-- documentBuilderCursorPosition -->
                <test-method status="PASS" signature="tearDown()[pri:0, instance:ExDocumentBuilder@4566e5bd]"
                             name="tearDown" is-config="true" duration-ms="8" started-at="2019-02-27T13:49:40Z"
                             finished-at="2019-02-27T13:49:40Z">
                    <reporter-output>
                    </reporter-output>
                </test-method> <!-- tearDown -->
                <test-method status="PASS" signature="setUp()[pri:0, instance:ExDocumentBuilder@4566e5bd]" name="setUp"
                             is-config="true" duration-ms="5" started-at="2019-02-27T13:49:40Z"
                             finished-at="2019-02-27T13:49:40Z">
                    <reporter-output>
                    </reporter-output>
                </test-method> <!-- setUp -->
                <test-method status="PASS"
                             signature="documentBuilderInsertBookmark()[pri:0, instance:ExDocumentBuilder@4566e5bd]"
                             name="documentBuilderInsertBookmark" duration-ms="3" started-at="2019-02-27T13:49:40Z"
                             finished-at="2019-02-27T13:49:40Z">
                    <reporter-output>
                    </reporter-output>
                </test-method> <!-- documentBuilderInsertBookmark -->
                <test-method status="PASS" signature="tearDown()[pri:0, instance:ExDocumentBuilder@4566e5bd]"
                             name="tearDown" is-config="true" duration-ms="2" started-at="2019-02-27T13:49:40Z"
                             finished-at="2019-02-27T13:49:40Z">
                    <reporter-output>
                    </reporter-output>
                </test-method> <!-- tearDown -->
                <test-method status="PASS" signature="setUp()[pri:0, instance:ExDocumentBuilder@4566e5bd]" name="setUp"
                             is-config="true" duration-ms="6" started-at="2019-02-27T13:49:40Z"
                             finished-at="2019-02-27T13:49:40Z">
                    <reporter-output>
                    </reporter-output>
                </test-method> <!-- setUp -->
                <test-method status="PASS"
                             signature="documentBuilderInsertBreak()[pri:0, instance:ExDocumentBuilder@4566e5bd]"
                             name="documentBuilderInsertBreak" duration-ms="2" started-at="2019-02-27T13:49:40Z"
                             finished-at="2019-02-27T13:49:40Z">
                    <reporter-output>
                    </reporter-output>
                </test-method> <!-- documentBuilderInsertBreak -->
                <test-method status="PASS" signature="tearDown()[pri:0, instance:ExDocumentBuilder@4566e5bd]"
                             name="tearDown" is-config="true" duration-ms="3" started-at="2019-02-27T13:49:40Z"
                             finished-at="2019-02-27T13:49:40Z">
                    <reporter-output>
                    </reporter-output>
                </test-method> <!-- tearDown -->
                <test-method status="PASS" signature="setUp()[pri:0, instance:ExDocumentBuilder@4566e5bd]" name="setUp"
                             is-config="true" duration-ms="5" started-at="2019-02-27T13:49:40Z"
                             finished-at="2019-02-27T13:49:40Z">
                    <reporter-output>
                    </reporter-output>
                </test-method> <!-- setUp -->
                <test-method status="PASS"
                             signature="documentBuilderInsertComboBoxFormField()[pri:0, instance:ExDocumentBuilder@4566e5bd]"
                             name="documentBuilderInsertComboBoxFormField" duration-ms="5"
                             started-at="2019-02-27T13:49:40Z" finished-at="2019-02-27T13:49:40Z">
                    <reporter-output>
                    </reporter-output>
                </test-method> <!-- documentBuilderInsertComboBoxFormField -->
                <test-method status="PASS" signature="tearDown()[pri:0, instance:ExDocumentBuilder@4566e5bd]"
                             name="tearDown" is-config="true" duration-ms="2" started-at="2019-02-27T13:49:40Z"
                             finished-at="2019-02-27T13:49:40Z">
                    <reporter-output>
                    </reporter-output>
                </test-method> <!-- tearDown -->
                <test-method status="PASS" signature="setUp()[pri:0, instance:ExDocumentBuilder@4566e5bd]" name="setUp"
                             is-config="true" duration-ms="3" started-at="2019-02-27T13:49:40Z"
                             finished-at="2019-02-27T13:49:40Z">
                    <reporter-output>
                    </reporter-output>
                </test-method> <!-- setUp -->
                <test-method status="PASS"
                             signature="documentBuilderInsertFloatingImage()[pri:0, instance:ExDocumentBuilder@4566e5bd]"
                             name="documentBuilderInsertFloatingImage" duration-ms="8" started-at="2019-02-27T13:49:40Z"
                             finished-at="2019-02-27T13:49:40Z">
                    <reporter-output>
                    </reporter-output>
                </test-method> <!-- documentBuilderInsertFloatingImage -->
                <test-method status="PASS" signature="tearDown()[pri:0, instance:ExDocumentBuilder@4566e5bd]"
                             name="tearDown" is-config="true" duration-ms="3" started-at="2019-02-27T13:49:40Z"
                             finished-at="2019-02-27T13:49:40Z">
                    <reporter-output>
                    </reporter-output>
                </test-method> <!-- tearDown -->
                <test-method status="PASS" signature="setUp()[pri:0, instance:ExDocumentBuilder@4566e5bd]" name="setUp"
                             is-config="true" duration-ms="5" started-at="2019-02-27T13:49:40Z"
                             finished-at="2019-02-27T13:49:40Z">
                    <reporter-output>
                    </reporter-output>
                </test-method> <!-- setUp -->
                <test-method status="PASS"
                             signature="documentBuilderInsertImageSourceSize()[pri:0, instance:ExDocumentBuilder@4566e5bd]"
                             name="documentBuilderInsertImageSourceSize" duration-ms="33"
                             started-at="2019-02-27T13:49:40Z" finished-at="2019-02-27T13:49:40Z">
                    <reporter-output>
                    </reporter-output>
                </test-method> <!-- documentBuilderInsertImageSourceSize -->
                <test-method status="PASS" signature="tearDown()[pri:0, instance:ExDocumentBuilder@4566e5bd]"
                             name="tearDown" is-config="true" duration-ms="3" started-at="2019-02-27T13:49:40Z"
                             finished-at="2019-02-27T13:49:40Z">
                    <reporter-output>
                    </reporter-output>
                </test-method> <!-- tearDown -->
                <test-method status="PASS" signature="setUp()[pri:0, instance:ExDocumentBuilder@4566e5bd]" name="setUp"
                             is-config="true" duration-ms="5" started-at="2019-02-27T13:49:40Z"
                             finished-at="2019-02-27T13:49:40Z">
                    <reporter-output>
                    </reporter-output>
                </test-method> <!-- setUp -->
                <test-method status="PASS"
                             signature="documentBuilderInsertInlineImage()[pri:0, instance:ExDocumentBuilder@4566e5bd]"
                             name="documentBuilderInsertInlineImage" duration-ms="9" started-at="2019-02-27T13:49:40Z"
                             finished-at="2019-02-27T13:49:40Z">
                    <reporter-output>
                    </reporter-output>
                </test-method> <!-- documentBuilderInsertInlineImage -->
                <test-method status="PASS" signature="tearDown()[pri:0, instance:ExDocumentBuilder@4566e5bd]"
                             name="tearDown" is-config="true" duration-ms="3" started-at="2019-02-27T13:49:40Z"
                             finished-at="2019-02-27T13:49:40Z">
                    <reporter-output>
                    </reporter-output>
                </test-method> <!-- tearDown -->
                <test-method status="PASS" signature="setUp()[pri:0, instance:ExDocumentBuilder@4566e5bd]" name="setUp"
                             is-config="true" duration-ms="6" started-at="2019-02-27T13:49:40Z"
                             finished-at="2019-02-27T13:49:40Z">
                    <reporter-output>
                    </reporter-output>
                </test-method> <!-- setUp -->
                <test-method status="PASS"
                             signature="documentBuilderInsertParagraph()[pri:0, instance:ExDocumentBuilder@4566e5bd]"
                             name="documentBuilderInsertParagraph" duration-ms="3" started-at="2019-02-27T13:49:40Z"
                             finished-at="2019-02-27T13:49:40Z">
                    <reporter-output>
                    </reporter-output>
                </test-method> <!-- documentBuilderInsertParagraph -->
                <test-method status="PASS" signature="tearDown()[pri:0, instance:ExDocumentBuilder@4566e5bd]"
                             name="tearDown" is-config="true" duration-ms="2" started-at="2019-02-27T13:49:40Z"
                             finished-at="2019-02-27T13:49:40Z">
                    <reporter-output>
                    </reporter-output>
                </test-method> <!-- tearDown -->
                <test-method status="PASS" signature="setUp()[pri:0, instance:ExDocumentBuilder@4566e5bd]" name="setUp"
                             is-config="true" duration-ms="5" started-at="2019-02-27T13:49:40Z"
                             finished-at="2019-02-27T13:49:40Z">
                    <reporter-output>
                    </reporter-output>
                </test-method> <!-- setUp -->
                <test-method status="PASS"
                             signature="documentBuilderInsertTOC()[pri:0, instance:ExDocumentBuilder@4566e5bd]"
                             name="documentBuilderInsertTOC" duration-ms="16" started-at="2019-02-27T13:49:40Z"
                             finished-at="2019-02-27T13:49:40Z">
                    <reporter-output>
                    </reporter-output>
                </test-method> <!-- documentBuilderInsertTOC -->
                <test-method status="PASS" signature="tearDown()[pri:0, instance:ExDocumentBuilder@4566e5bd]"
                             name="tearDown" is-config="true" duration-ms="2" started-at="2019-02-27T13:49:40Z"
                             finished-at="2019-02-27T13:49:40Z">
                    <reporter-output>
                    </reporter-output>
                </test-method> <!-- tearDown -->
                <test-method status="PASS" signature="setUp()[pri:0, instance:ExDocumentBuilder@4566e5bd]" name="setUp"
                             is-config="true" duration-ms="4" started-at="2019-02-27T13:49:40Z"
                             finished-at="2019-02-27T13:49:40Z">
                    <reporter-output>
                    </reporter-output>
                </test-method> <!-- setUp -->
                <test-method status="PASS"
                             signature="documentBuilderInsertTextInputFormField()[pri:0, instance:ExDocumentBuilder@4566e5bd]"
                             name="documentBuilderInsertTextInputFormField" duration-ms="3"
                             started-at="2019-02-27T13:49:40Z" finished-at="2019-02-27T13:49:40Z">
                    <reporter-output>
                    </reporter-output>
                </test-method> <!-- documentBuilderInsertTextInputFormField -->
                <test-method status="PASS" signature="tearDown()[pri:0, instance:ExDocumentBuilder@4566e5bd]"
                             name="tearDown" is-config="true" duration-ms="3" started-at="2019-02-27T13:49:40Z"
                             finished-at="2019-02-27T13:49:40Z">
                    <reporter-output>
                    </reporter-output>
                </test-method> <!-- tearDown -->
                <test-method status="PASS" signature="setUp()[pri:0, instance:ExDocumentBuilder@4566e5bd]" name="setUp"
                             is-config="true" duration-ms="4" started-at="2019-02-27T13:49:40Z"
                             finished-at="2019-02-27T13:49:40Z">
                    <reporter-output>
                    </reporter-output>
                </test-method> <!-- setUp -->
                <test-method status="PASS"
                             signature="documentBuilderMoveToBookmark()[pri:0, instance:ExDocumentBuilder@4566e5bd]"
                             name="documentBuilderMoveToBookmark" duration-ms="12" started-at="2019-02-27T13:49:40Z"
                             finished-at="2019-02-27T13:49:40Z">
                    <reporter-output>
                    </reporter-output>
                </test-method> <!-- documentBuilderMoveToBookmark -->
                <test-method status="PASS" signature="tearDown()[pri:0, instance:ExDocumentBuilder@4566e5bd]"
                             name="tearDown" is-config="true" duration-ms="2" started-at="2019-02-27T13:49:40Z"
                             finished-at="2019-02-27T13:49:40Z">
                    <reporter-output>
                    </reporter-output>
                </test-method> <!-- tearDown -->
                <test-method status="PASS" signature="setUp()[pri:0, instance:ExDocumentBuilder@4566e5bd]" name="setUp"
                             is-config="true" duration-ms="4" started-at="2019-02-27T13:49:40Z"
                             finished-at="2019-02-27T13:49:40Z">
                    <reporter-output>
                    </reporter-output>
                </test-method> <!-- setUp -->
                <test-method status="PASS"
                             signature="documentBuilderMoveToBookmarkEnd()[pri:0, instance:ExDocumentBuilder@4566e5bd]"
                             name="documentBuilderMoveToBookmarkEnd" duration-ms="8" started-at="2019-02-27T13:49:40Z"
                             finished-at="2019-02-27T13:49:40Z">
                    <reporter-output>
                    </reporter-output>
                </test-method> <!-- documentBuilderMoveToBookmarkEnd -->
                <test-method status="PASS" signature="tearDown()[pri:0, instance:ExDocumentBuilder@4566e5bd]"
                             name="tearDown" is-config="true" duration-ms="2" started-at="2019-02-27T13:49:40Z"
                             finished-at="2019-02-27T13:49:40Z">
                    <reporter-output>
                    </reporter-output>
                </test-method> <!-- tearDown -->
                <test-method status="PASS" signature="setUp()[pri:0, instance:ExDocumentBuilder@4566e5bd]" name="setUp"
                             is-config="true" duration-ms="6" started-at="2019-02-27T13:49:40Z"
                             finished-at="2019-02-27T13:49:40Z">
                    <reporter-output>
                    </reporter-output>
                </test-method> <!-- setUp -->
                <test-method status="PASS"
                             signature="documentBuilderMoveToDocumentStartEnd()[pri:0, instance:ExDocumentBuilder@4566e5bd]"
                             name="documentBuilderMoveToDocumentStartEnd" duration-ms="9"
                             started-at="2019-02-27T13:49:40Z" finished-at="2019-02-27T13:49:40Z">
                    <reporter-output>
                    </reporter-output>
                </test-method> <!-- documentBuilderMoveToDocumentStartEnd -->
                <test-method status="PASS" signature="tearDown()[pri:0, instance:ExDocumentBuilder@4566e5bd]"
                             name="tearDown" is-config="true" duration-ms="2" started-at="2019-02-27T13:49:40Z"
                             finished-at="2019-02-27T13:49:40Z">
                    <reporter-output>
                    </reporter-output>
                </test-method> <!-- tearDown -->
                <test-method status="PASS" signature="setUp()[pri:0, instance:ExDocumentBuilder@4566e5bd]" name="setUp"
                             is-config="true" duration-ms="4" started-at="2019-02-27T13:49:40Z"
                             finished-at="2019-02-27T13:49:40Z">
                    <reporter-output>
                    </reporter-output>
                </test-method> <!-- setUp -->
                <test-method status="PASS"
                             signature="documentBuilderMoveToMergeField()[pri:0, instance:ExDocumentBuilder@4566e5bd]"
                             name="documentBuilderMoveToMergeField" duration-ms="8" started-at="2019-02-27T13:49:40Z"
                             finished-at="2019-02-27T13:49:40Z">
                    <reporter-output>
                    </reporter-output>
                </test-method> <!-- documentBuilderMoveToMergeField -->
                <test-method status="PASS" signature="tearDown()[pri:0, instance:ExDocumentBuilder@4566e5bd]"
                             name="tearDown" is-config="true" duration-ms="3" started-at="2019-02-27T13:49:40Z"
                             finished-at="2019-02-27T13:49:40Z">
                    <reporter-output>
                    </reporter-output>
                </test-method> <!-- tearDown -->
                <test-method status="PASS" signature="setUp()[pri:0, instance:ExDocumentBuilder@4566e5bd]" name="setUp"
                             is-config="true" duration-ms="5" started-at="2019-02-27T13:49:40Z"
                             finished-at="2019-02-27T13:49:40Z">
                    <reporter-output>
                    </reporter-output>
                </test-method> <!-- setUp -->
                <test-method status="PASS"
                             signature="documentBuilderMoveToNode()[pri:0, instance:ExDocumentBuilder@4566e5bd]"
                             name="documentBuilderMoveToNode" duration-ms="7" started-at="2019-02-27T13:49:40Z"
                             finished-at="2019-02-27T13:49:40Z">
                    <reporter-output>
                    </reporter-output>
                </test-method> <!-- documentBuilderMoveToNode -->
                <test-method status="PASS" signature="tearDown()[pri:0, instance:ExDocumentBuilder@4566e5bd]"
                             name="tearDown" is-config="true" duration-ms="3" started-at="2019-02-27T13:49:40Z"
                             finished-at="2019-02-27T13:49:40Z">
                    <reporter-output>
                    </reporter-output>
                </test-method> <!-- tearDown -->
                <test-method status="PASS" signature="setUp()[pri:0, instance:ExDocumentBuilder@4566e5bd]" name="setUp"
                             is-config="true" duration-ms="5" started-at="2019-02-27T13:49:40Z"
                             finished-at="2019-02-27T13:49:40Z">
                    <reporter-output>
                    </reporter-output>
                </test-method> <!-- setUp -->
                <test-method status="PASS"
                             signature="documentBuilderMoveToParagraph()[pri:0, instance:ExDocumentBuilder@4566e5bd]"
                             name="documentBuilderMoveToParagraph" duration-ms="7" started-at="2019-02-27T13:49:40Z"
                             finished-at="2019-02-27T13:49:40Z">
                    <reporter-output>
                    </reporter-output>
                </test-method> <!-- documentBuilderMoveToParagraph -->
                <test-method status="PASS" signature="tearDown()[pri:0, instance:ExDocumentBuilder@4566e5bd]"
                             name="tearDown" is-config="true" duration-ms="3" started-at="2019-02-27T13:49:40Z"
                             finished-at="2019-02-27T13:49:40Z">
                    <reporter-output>
                    </reporter-output>
                </test-method> <!-- tearDown -->
                <test-method status="PASS" signature="setUp()[pri:0, instance:ExDocumentBuilder@4566e5bd]" name="setUp"
                             is-config="true" duration-ms="4" started-at="2019-02-27T13:49:40Z"
                             finished-at="2019-02-27T13:49:40Z">
                    <reporter-output>
                    </reporter-output>
                </test-method> <!-- setUp -->
                <test-method status="PASS"
                             signature="documentBuilderMoveToSection()[pri:0, instance:ExDocumentBuilder@4566e5bd]"
                             name="documentBuilderMoveToSection" duration-ms="6" started-at="2019-02-27T13:49:40Z"
                             finished-at="2019-02-27T13:49:40Z">
                    <reporter-output>
                    </reporter-output>
                </test-method> <!-- documentBuilderMoveToSection -->
                <test-method status="PASS" signature="tearDown()[pri:0, instance:ExDocumentBuilder@4566e5bd]"
                             name="tearDown" is-config="true" duration-ms="2" started-at="2019-02-27T13:49:40Z"
                             finished-at="2019-02-27T13:49:40Z">
                    <reporter-output>
                    </reporter-output>
                </test-method> <!-- tearDown -->
                <test-method status="PASS" signature="setUp()[pri:0, instance:ExDocumentBuilder@4566e5bd]" name="setUp"
                             is-config="true" duration-ms="5" started-at="2019-02-27T13:49:40Z"
                             finished-at="2019-02-27T13:49:40Z">
                    <reporter-output>
                    </reporter-output>
                </test-method> <!-- setUp -->
                <test-method status="PASS"
                             signature="documentBuilderMoveToTableCell()[pri:0, instance:ExDocumentBuilder@4566e5bd]"
                             name="documentBuilderMoveToTableCell" duration-ms="10" started-at="2019-02-27T13:49:40Z"
                             finished-at="2019-02-27T13:49:40Z">
                    <reporter-output>
                    </reporter-output>
                </test-method> <!-- documentBuilderMoveToTableCell -->
                <test-method status="PASS" signature="tearDown()[pri:0, instance:ExDocumentBuilder@4566e5bd]"
                             name="tearDown" is-config="true" duration-ms="3" started-at="2019-02-27T13:49:40Z"
                             finished-at="2019-02-27T13:49:40Z">
                    <reporter-output>
                    </reporter-output>
                </test-method> <!-- tearDown -->
                <test-method status="PASS" signature="setUp()[pri:0, instance:ExDocumentBuilder@4566e5bd]" name="setUp"
                             is-config="true" duration-ms="5" started-at="2019-02-27T13:49:40Z"
                             finished-at="2019-02-27T13:49:40Z">
                    <reporter-output>
                    </reporter-output>
                </test-method> <!-- setUp -->
                <test-method status="PASS"
                             signature="documentBuilderSetCellFormatting()[pri:0, instance:ExDocumentBuilder@4566e5bd]"
                             name="documentBuilderSetCellFormatting" duration-ms="2" started-at="2019-02-27T13:49:40Z"
                             finished-at="2019-02-27T13:49:40Z">
                    <reporter-output>
                    </reporter-output>
                </test-method> <!-- documentBuilderSetCellFormatting -->
                <test-method status="PASS" signature="tearDown()[pri:0, instance:ExDocumentBuilder@4566e5bd]"
                             name="tearDown" is-config="true" duration-ms="2" started-at="2019-02-27T13:49:40Z"
                             finished-at="2019-02-27T13:49:40Z">
                    <reporter-output>
                    </reporter-output>
                </test-method> <!-- tearDown -->
                <test-method status="PASS" signature="setUp()[pri:0, instance:ExDocumentBuilder@4566e5bd]" name="setUp"
                             is-config="true" duration-ms="4" started-at="2019-02-27T13:49:40Z"
                             finished-at="2019-02-27T13:49:40Z">
                    <reporter-output>
                    </reporter-output>
                </test-method> <!-- setUp -->
                <test-method status="PASS"
                             signature="documentBuilderSetFontFormatting()[pri:0, instance:ExDocumentBuilder@4566e5bd]"
                             name="documentBuilderSetFontFormatting" duration-ms="2" started-at="2019-02-27T13:49:40Z"
                             finished-at="2019-02-27T13:49:40Z">
                    <reporter-output>
                    </reporter-output>
                </test-method> <!-- documentBuilderSetFontFormatting -->
                <test-method status="PASS" signature="tearDown()[pri:0, instance:ExDocumentBuilder@4566e5bd]"
                             name="tearDown" is-config="true" duration-ms="3" started-at="2019-02-27T13:49:40Z"
                             finished-at="2019-02-27T13:49:40Z">
                    <reporter-output>
                    </reporter-output>
                </test-method> <!-- tearDown -->
                <test-method status="PASS" signature="setUp()[pri:0, instance:ExDocumentBuilder@4566e5bd]" name="setUp"
                             is-config="true" duration-ms="4" started-at="2019-02-27T13:49:40Z"
                             finished-at="2019-02-27T13:49:40Z">
                    <reporter-output>
                    </reporter-output>
                </test-method> <!-- setUp -->
                <test-method status="PASS"
[...]
                             finished-at="2019-02-27T13:49:46Z">
                    <reporter-output>
                    </reporter-output>
                </test-method> <!-- insertFieldEmptyParagraphWithoutUpdateField -->
                <test-method status="PASS" signature="tearDown()[pri:0, instance:ExParagraph@60c6f5b]" name="tearDown"
                             is-config="true" duration-ms="2" started-at="2019-02-27T13:49:46Z"
                             finished-at="2019-02-27T13:49:46Z">
                    <reporter-output>
                    </reporter-output>
                </test-method> <!-- tearDown -->
                <test-method status="PASS" signature="setUp()[pri:0, instance:ExParagraph@60c6f5b]" name="setUp"
                             is-config="true" duration-ms="4" started-at="2019-02-27T13:49:46Z"
                             finished-at="2019-02-27T13:49:46Z">
                    <reporter-output>
                    </reporter-output>
                </test-method> <!-- setUp -->
                <test-method status="PASS"
                             signature="insertFieldWithoutSeparator()[pri:0, instance:ExParagraph@60c6f5b]"
                             name="insertFieldWithoutSeparator" duration-ms="3" started-at="2019-02-27T13:49:46Z"
                             finished-at="2019-02-27T13:49:46Z">
                    <reporter-output>
                    </reporter-output>
                </test-method> <!-- insertFieldWithoutSeparator -->
                <test-method status="PASS" signature="tearDown()[pri:0, instance:ExParagraph@60c6f5b]" name="tearDown"
                             is-config="true" duration-ms="3" started-at="2019-02-27T13:49:46Z"
                             finished-at="2019-02-27T13:49:46Z">
                    <reporter-output>
                    </reporter-output>
                </test-method> <!-- tearDown -->
            </class> <!-- ExParagraph -->
            <class name="ExHeaderFooter">
                <test-method status="PASS" signature="setUp()[pri:0, instance:ExHeaderFooter@3327bd23]" name="setUp"
                             is-config="true" duration-ms="10" started-at="2019-02-27T13:50:17Z"
                             finished-at="2019-02-27T13:50:17Z">
                    <reporter-output>
                    </reporter-output>
                </test-method> <!-- setUp -->
                <test-method status="PASS"
                             signature="SetExportHeadersFootersMode()[pri:0, instance:ExHeaderFooter@3327bd23]"
                             name="SetExportHeadersFootersMode" duration-ms="85" started-at="2019-02-27T13:50:17Z"
                             finished-at="2019-02-27T13:50:17Z">
                    <reporter-output>
                    </reporter-output>
                </test-method> <!-- SetExportHeadersFootersMode -->
                <test-method status="PASS" signature="tearDown()[pri:0, instance:ExHeaderFooter@3327bd23]"
                             name="tearDown" is-config="true" duration-ms="6" started-at="2019-02-27T13:50:17Z"
                             finished-at="2019-02-27T13:50:17Z">
                    <reporter-output>
                    </reporter-output>
                </test-method> <!-- tearDown -->
                <test-method status="PASS" signature="setUp()[pri:0, instance:ExHeaderFooter@3327bd23]" name="setUp"
                             is-config="true" duration-ms="4" started-at="2019-02-27T13:50:17Z"
                             finished-at="2019-02-27T13:50:17Z">
                    <reporter-output>
                    </reporter-output>
                </test-method> <!-- setUp -->
                <test-method status="PASS" signature="createFooter()[pri:0, instance:ExHeaderFooter@3327bd23]"
                             name="createFooter" duration-ms="20" started-at="2019-02-27T13:50:17Z"
                             finished-at="2019-02-27T13:50:17Z">
                    <reporter-output>
                    </reporter-output>
                </test-method> <!-- createFooter -->
                <test-method status="PASS" signature="tearDown()[pri:0, instance:ExHeaderFooter@3327bd23]"
                             name="tearDown" is-config="true" duration-ms="4" started-at="2019-02-27T13:50:17Z"
                             finished-at="2019-02-27T13:50:17Z">
                    <reporter-output>
                    </reporter-output>
                </test-method> <!-- tearDown -->
                <test-method status="PASS" signature="setUp()[pri:0, instance:ExHeaderFooter@3327bd23]" name="setUp"
                             is-config="true" duration-ms="3" started-at="2019-02-27T13:50:17Z"
                             finished-at="2019-02-27T13:50:17Z">
                    <reporter-output>
                    </reporter-output>
                </test-method> <!-- setUp -->
                <test-method status="PASS" signature="headerFooterOrder()[pri:0, instance:ExHeaderFooter@3327bd23]"
                             name="headerFooterOrder" duration-ms="7" started-at="2019-02-27T13:50:17Z"
                             finished-at="2019-02-27T13:50:17Z">
                    <reporter-output>
                    </reporter-output>
                </test-method> <!-- headerFooterOrder -->
                <test-method status="PASS" signature="tearDown()[pri:0, instance:ExHeaderFooter@3327bd23]"
                             name="tearDown" is-config="true" duration-ms="2" started-at="2019-02-27T13:50:17Z"
                             finished-at="2019-02-27T13:50:17Z">
                    <reporter-output>
                    </reporter-output>
                </test-method> <!-- tearDown -->
                <test-method status="PASS" signature="setUp()[pri:0, instance:ExHeaderFooter@3327bd23]" name="setUp"
                             is-config="true" duration-ms="4" started-at="2019-02-27T13:50:17Z"
                             finished-at="2019-02-27T13:50:17Z">
                    <reporter-output>
                    </reporter-output>
                </test-method> <!-- setUp -->
                <test-method status="PASS"
                             signature="headerFooterPrimerCaller()[pri:0, instance:ExHeaderFooter@3327bd23]"
                             name="headerFooterPrimerCaller" duration-ms="37" started-at="2019-02-27T13:50:17Z"
                             finished-at="2019-02-27T13:50:17Z">
                    <reporter-output>
                    </reporter-output>
                </test-method> <!-- headerFooterPrimerCaller -->
                <test-method status="PASS" signature="tearDown()[pri:0, instance:ExHeaderFooter@3327bd23]"
                             name="tearDown" is-config="true" duration-ms="4" started-at="2019-02-27T13:50:17Z"
                             finished-at="2019-02-27T13:50:17Z">
                    <reporter-output>
                    </reporter-output>
                </test-method> <!-- tearDown -->
                <test-method status="PASS" signature="setUp()[pri:0, instance:ExHeaderFooter@3327bd23]" name="setUp"
                             is-config="true" duration-ms="3" started-at="2019-02-27T13:50:17Z"
                             finished-at="2019-02-27T13:50:17Z">
                    <reporter-output>
                    </reporter-output>
                </test-method> <!-- setUp -->
                <test-method status="PASS" signature="removeFooters()[pri:0, instance:ExHeaderFooter@3327bd23]"
                             name="removeFooters" duration-ms="38" started-at="2019-02-27T13:50:17Z"
                             finished-at="2019-02-27T13:50:17Z">
                    <reporter-output>
                    </reporter-output>
                </test-method> <!-- removeFooters -->
                <test-method status="PASS" signature="tearDown()[pri:0, instance:ExHeaderFooter@3327bd23]"
                             name="tearDown" is-config="true" duration-ms="4" started-at="2019-02-27T13:50:17Z"
                             finished-at="2019-02-27T13:50:17Z">
                    <reporter-output>
                    </reporter-output>
                </test-method> <!-- tearDown -->
                <test-method status="PASS" signature="setUp()[pri:0, instance:ExHeaderFooter@3327bd23]" name="setUp"
                             is-config="true" duration-ms="4" started-at="2019-02-27T13:50:17Z"
                             finished-at="2019-02-27T13:50:17Z">
                    <reporter-output>
                    </reporter-output>
                </test-method> <!-- setUp -->
                <test-method status="PASS" signature="replaceText()[pri:0, instance:ExHeaderFooter@3327bd23]"
                             name="replaceText" duration-ms="37" started-at="2019-02-27T13:50:17Z"
                             finished-at="2019-02-27T13:50:17Z">
                    <reporter-output>
                    </reporter-output>
                </test-method> <!-- replaceText -->
                <test-method status="PASS" signature="tearDown()[pri:0, instance:ExHeaderFooter@3327bd23]"
                             name="tearDown" is-config="true" duration-ms="4" started-at="2019-02-27T13:50:17Z"
                             finished-at="2019-02-27T13:50:17Z">
                    <reporter-output>
                    </reporter-output>
                </test-method> <!-- tearDown -->
            </class> <!-- ExHeaderFooter -->
            <class name="ExRenameMergeFields">
                <test-method status="PASS" signature="setUp()[pri:0, instance:ExRenameMergeFields@dc24521]" name="setUp"
                             is-config="true" duration-ms="3" started-at="2019-02-27T13:50:38Z"
                             finished-at="2019-02-27T13:50:38Z">
                    <reporter-output>
                    </reporter-output>
                </test-method> <!-- setUp -->
                <test-method status="PASS" signature="renameMergeFields()[pri:0, instance:ExRenameMergeFields@dc24521]"
                             name="renameMergeFields" duration-ms="65" started-at="2019-02-27T13:50:38Z"
                             finished-at="2019-02-27T13:50:38Z">
                    <reporter-output>
                    </reporter-output>
                </test-method> <!-- renameMergeFields -->
                <test-method status="PASS" signature="tearDown()[pri:0, instance:ExRenameMergeFields@dc24521]"
                             name="tearDown" is-config="true" duration-ms="4" started-at="2019-02-27T13:50:38Z"
                             finished-at="2019-02-27T13:50:38Z">
                    <reporter-output>
                    </reporter-output>
                </test-method> <!-- tearDown -->
            </class> <!-- ExRenameMergeFields -->
            <class name="ExTableColumn">
                <test-method status="PASS" signature="setUp()[pri:0, instance:ExTableColumn@192b07fd]" name="setUp"
                             is-config="true" duration-ms="5" started-at="2019-02-27T13:50:36Z"
                             finished-at="2019-02-27T13:50:36Z">
                    <reporter-output>
                    </reporter-output>
                </test-method> <!-- setUp -->
                <test-method status="PASS"
                             signature="InsertNewColumnIntoTable()[pri:0, instance:ExTableColumn@192b07fd]"
                             name="InsertNewColumnIntoTable" duration-ms="97" started-at="2019-02-27T13:50:36Z"
                             finished-at="2019-02-27T13:50:36Z">
                    <reporter-output>
                    </reporter-output>
                </test-method> <!-- InsertNewColumnIntoTable -->
                <test-method status="PASS" signature="tearDown()[pri:0, instance:ExTableColumn@192b07fd]"
                             name="tearDown" is-config="true" duration-ms="6" started-at="2019-02-27T13:50:36Z"
                             finished-at="2019-02-27T13:50:36Z">
                    <reporter-output>
                    </reporter-output>
                </test-method> <!-- tearDown -->
                <test-method status="PASS" signature="setUp()[pri:0, instance:ExTableColumn@192b07fd]" name="setUp"
                             is-config="true" duration-ms="3" started-at="2019-02-27T13:50:36Z"
                             finished-at="2019-02-27T13:50:36Z">
                    <reporter-output>
                    </reporter-output>
                </test-method> <!-- setUp -->
                <test-method status="PASS" signature="RemoveColumnFromTable()[pri:0, instance:ExTableColumn@192b07fd]"
                             name="RemoveColumnFromTable" duration-ms="34" started-at="2019-02-27T13:50:36Z"
                             finished-at="2019-02-27T13:50:37Z">
                    <reporter-output>
                    </reporter-output>
                </test-method> <!-- RemoveColumnFromTable -->
                <test-method status="PASS" signature="tearDown()[pri:0, instance:ExTableColumn@192b07fd]"
                             name="tearDown" is-config="true" duration-ms="11" started-at="2019-02-27T13:50:37Z"
                             finished-at="2019-02-27T13:50:37Z">
                    <reporter-output>
                    </reporter-output>
                </test-method> <!-- tearDown -->
                <test-method status="PASS" signature="setUp()[pri:0, instance:ExTableColumn@192b07fd]" name="setUp"
                             is-config="true" duration-ms="3" started-at="2019-02-27T13:50:37Z"
                             finished-at="2019-02-27T13:50:37Z">
                    <reporter-output>
                    </reporter-output>
                </test-method> <!-- setUp -->
                <test-method status="PASS" signature="TableColumnToTxt()[pri:0, instance:ExTableColumn@192b07fd]"
                             name="TableColumnToTxt" duration-ms="5" started-at="2019-02-27T13:50:37Z"
                             finished-at="2019-02-27T13:50:37Z">
                    <reporter-output>
                    </reporter-output>
                </test-method> <!-- TableColumnToTxt -->
                <test-method status="PASS" signature="tearDown()[pri:0, instance:ExTableColumn@192b07fd]"
                             name="tearDown" is-config="true" duration-ms="2" started-at="2019-02-27T13:50:37Z"
                             finished-at="2019-02-27T13:50:37Z">
                    <reporter-output>
                    </reporter-output>
                </test-method> <!-- tearDown -->
            </class> <!-- ExTableColumn -->
            <class name="ExTxtSaveOptions">
                <test-method status="PASS" signature="setUp()[pri:0, instance:ExTxtSaveOptions@1ed4004b]" name="setUp"
                             is-config="true" duration-ms="6" started-at="2019-02-27T13:49:47Z"
                             finished-at="2019-02-27T13:49:47Z">
                    <reporter-output>
                    </reporter-output>
                </test-method> <!-- setUp -->
                <test-method status="PASS" signature="pageBreaks()[pri:0, instance:ExTxtSaveOptions@1ed4004b]"
                             name="pageBreaks" duration-ms="33" started-at="2019-02-27T13:49:47Z"
                             finished-at="2019-02-27T13:49:47Z">
                    <reporter-output>
                    </reporter-output>
                </test-method> <!-- pageBreaks -->
                <test-method status="PASS" signature="tearDown()[pri:0, instance:ExTxtSaveOptions@1ed4004b]"
                             name="tearDown" is-config="true" duration-ms="4" started-at="2019-02-27T13:49:47Z"
                             finished-at="2019-02-27T13:49:47Z">
                    <reporter-output>
                    </reporter-output>
                </test-method> <!-- tearDown -->
            </class> <!-- ExTxtSaveOptions -->
            <class name="ExOoxmlSaveOptions">
                <test-method status="PASS" signature="setUp()[pri:0, instance:ExOoxmlSaveOptions@2d928643]" name="setUp"
                             is-config="true" duration-ms="4" started-at="2019-02-27T13:50:34Z"
                             finished-at="2019-02-27T13:50:34Z">
                    <reporter-output>
                    </reporter-output>
                </test-method> <!-- setUp -->
                <test-method status="PASS" signature="iso29500Strict()[pri:0, instance:ExOoxmlSaveOptions@2d928643]"
                             name="iso29500Strict" duration-ms="14" started-at="2019-02-27T13:50:34Z"
                             finished-at="2019-02-27T13:50:34Z">
                    <reporter-output>
                    </reporter-output>
                </test-method> <!-- iso29500Strict -->
                <test-method status="PASS" signature="tearDown()[pri:0, instance:ExOoxmlSaveOptions@2d928643]"
                             name="tearDown" is-config="true" duration-ms="3" started-at="2019-02-27T13:50:34Z"
                             finished-at="2019-02-27T13:50:34Z">
                    <reporter-output>
                    </reporter-output>
                </test-method> <!-- tearDown -->
                <test-method status="PASS" signature="setUp()[pri:0, instance:ExOoxmlSaveOptions@2d928643]" name="setUp"
                             is-config="true" duration-ms="4" started-at="2019-02-27T13:50:34Z"
                             finished-at="2019-02-27T13:50:34Z">
                    <reporter-output>
                    </reporter-output>
                </test-method> <!-- setUp -->
                <test-method status="PASS"
                             signature="restartingDocumentList()[pri:0, instance:ExOoxmlSaveOptions@2d928643]"
                             name="restartingDocumentList" duration-ms="14" started-at="2019-02-27T13:50:34Z"
                             finished-at="2019-02-27T13:50:34Z">
                    <reporter-output>
                    </reporter-output>
                </test-method> <!-- restartingDocumentList -->
                <test-method status="PASS" signature="tearDown()[pri:0, instance:ExOoxmlSaveOptions@2d928643]"
                             name="tearDown" is-config="true" duration-ms="3" started-at="2019-02-27T13:50:34Z"
                             finished-at="2019-02-27T13:50:34Z">
                    <reporter-output>
                    </reporter-output>
                </test-method> <!-- tearDown -->
                <test-method status="PASS" signature="setUp()[pri:0, instance:ExOoxmlSaveOptions@2d928643]" name="setUp"
                             is-config="true" duration-ms="6" started-at="2019-02-27T13:50:34Z"
                             finished-at="2019-02-27T13:50:34Z">
                    <reporter-output>
                    </reporter-output>
                </test-method> <!-- setUp -->
                <test-method status="PASS"
                             signature="updatingLastSavedTimeDocument()[pri:0, instance:ExOoxmlSaveOptions@2d928643]"
                             name="updatingLastSavedTimeDocument" duration-ms="6" started-at="2019-02-27T13:50:34Z"
                             finished-at="2019-02-27T13:50:34Z">
                    <reporter-output>
                    </reporter-output>
                </test-method> <!-- updatingLastSavedTimeDocument -->
                <test-method status="PASS" signature="tearDown()[pri:0, instance:ExOoxmlSaveOptions@2d928643]"
                             name="tearDown" is-config="true" duration-ms="2" started-at="2019-02-27T13:50:34Z"
                             finished-at="2019-02-27T13:50:34Z">
                    <reporter-output>
                    </reporter-output>
                </test-method> <!-- tearDown -->
            </class> <!-- ExOoxmlSaveOptions -->
        </test> <!-- Surefire test -->
    </suite> <!-- Surefire suite -->
</testng-results>
